#
# There is insufficient memory for the Java Runtime Environment to continue.
# Native memory allocation (mmap) failed to map 130023424 bytes for G1 virtual space
# Possible reasons:
#   The system is out of physical RAM or swap space
#   The process is running with CompressedOops enabled, and the Java Heap may be blocking the growth of the native heap
# Possible solutions:
#   Reduce memory load on the system
#   Increase physical memory or swap space
#   Check if swap backing store is full
#   Decrease Java heap size (-Xmx/-Xms)
#   Decrease number of Java threads
#   Decrease Java thread stack sizes (-Xss)
#   Set larger code cache with -XX:ReservedCodeCacheSize=
#   JVM is running with Unscaled Compressed Oops mode in which the Java heap is
#     placed in the first 4GB address space. The Java Heap base address is the
#     maximum limit for the native heap growth. Please use -XX:HeapBaseMinAddress
#     to set the Java Heap base and to place the Java Heap above 4GB virtual address.
# This output file may be truncated or incomplete.
#
#  Out of Memory Error (os_windows.cpp:3528), pid=20176, tid=7180
#
# JRE version:  (20.0.1+9) (build )
# Java VM: Java HotSpot(TM) 64-Bit Server VM (20.0.1+9-29, mixed mode, sharing, tiered, compressed oops, compressed class ptrs, g1 gc, windows-amd64)
# No core dump will be written. Minidumps are not enabled by default on client versions of Windows
#

---------------  S U M M A R Y ------------

Command Line: -Dfile.encoding=UTF-8 --module-path=C:\Users\Mantosh Kumar\Documents\NetBeansProjects\Employee.Management.System\build\classes employee.management.system.Addemployee

Host: 11th Gen Intel(R) Core(TM) i3-1115G4 @ 3.00GHz, 4 cores, 7G,  Windows 11 , 64 bit Build 22621 (10.0.22621.1928)
Time: Thu Aug 10 00:47:16 2023 India Standard Time elapsed time: 0.015674 seconds (0d 0h 0m 0s)

---------------  T H R E A D  ---------------

Current thread (0x000001c30db760b0):  JavaThread "Unknown thread" [_thread_in_vm, id=7180, stack(0x0000009be5600000,0x0000009be5700000)]

Stack: [0x0000009be5600000,0x0000009be5700000]
Native frames: (J=compiled Java code, j=interpreted, Vv=VM code, C=native code)
V  [jvm.dll+0x6bb95a]
V  [jvm.dll+0x8485fa]
V  [jvm.dll+0x84a1f5]
V  [jvm.dll+0x84a8f3]
V  [jvm.dll+0x280b0f]
V  [jvm.dll+0x6b86e9]
V  [jvm.dll+0x6ad2da]
V  [jvm.dll+0x35adf5]
V  [jvm.dll+0x363016]
V  [jvm.dll+0x3b3b3e]
V  [jvm.dll+0x3b3dc5]
V  [jvm.dll+0x32b50a]
V  [jvm.dll+0x32c32b]
V  [jvm.dll+0x8112bf]
V  [jvm.dll+0x3c0d91]
V  [jvm.dll+0x7fcfe3]
V  [jvm.dll+0x44c76f]
V  [jvm.dll+0x44e0e1]
C  [jli.dll+0x5287]
C  [ucrtbase.dll+0x29363]
C  [KERNEL32.DLL+0x126ad]
C  [ntdll.dll+0x5aa68]


---------------  P R O C E S S  ---------------

Threads class SMR info:
_java_thread_list=0x00007ffced5ea098, length=0, elements={
}

Java Threads: ( => current thread )

Other Threads:
  0x000001c30dbd6700 WorkerThread "GC Thread#0" [stack: 0x0000009be5700000,0x0000009be5800000] [id=18372]
  0x000001c30dbe6ea0 ConcurrentGCThread "G1 Main Marker" [stack: 0x0000009be5800000,0x0000009be5900000] [id=17684]
  0x000001c30dbe77e0 WorkerThread "G1 Conc#0" [stack: 0x0000009be5900000,0x0000009be5a00000] [id=12400]

[error occurred during error reporting (printing all threads), id 0xc0000005, EXCEPTION_ACCESS_VIOLATION (0xc0000005) at pc=0x00007ffcecdceb47]
VM state: not at safepoint (not fully initialized)

VM Mutex/Monitor currently owned by a thread:  ([mutex/lock_event])
[0x000001c30db71d50] Heap_lock - owner thread: 0x000001c30db760b0

Heap address: 0x0000000084c00000, size: 1972 MB, Compressed Oops mode: 32-bit

CDS archive(s) mapped at: [0x0000000000000000-0x0000000000000000-0x0000000000000000), size 0, SharedBaseAddress: 0x0000000800000000, ArchiveRelocationMode: 0.
Narrow klass base: 0x0000000000000000, Narrow klass shift: 0, Narrow klass range: 0x0

GC Precious Log:
 CardTable entry size: 512
 Card Set container configuration: InlinePtr #cards 5 size 8 Array Of Cards #cards 12 size 40 Howl #buckets 4 coarsen threshold 1843 Howl Bitmap #cards 512 size 80 coarsen threshold 460 Card regions per heap region 1 cards per card region 2048

Heap:
 garbage-first heap   total 0K, used 0K [0x0000000084c00000, 0x0000000100000000)
  region size 1024K, 0 young (0K), 0 survivors (0K)

[error occurred during error reporting (printing heap information), id 0xc0000005, EXCEPTION_ACCESS_VIOLATION (0xc0000005) at pc=0x00007ffced1a3c59]
GC Heap History (0 events):
No events

Dll operation events (1 events):
Event: 0.009 Loaded shared library C:\Program Files\Java\jdk-20\bin\java.dll

Deoptimization events (0 events):
No events

Classes loaded (0 events):
No events

Classes unloaded (0 events):
No events

Classes redefined (0 events):
No events

Internal exceptions (0 events):
No events

VM Operations (0 events):
No events

Events (0 events):
No events


Dynamic libraries:
0x00007ff6f33a0000 - 0x00007ff6f33b0000 	C:\Program Files\Java\jdk-20\bin\java.exe
0x00007ffd578b0000 - 0x00007ffd57ac4000 	C:\WINDOWS\SYSTEM32\ntdll.dll
0x00007ffd569a0000 - 0x00007ffd56a62000 	C:\WINDOWS\System32\KERNEL32.DLL
0x00007ffd54e10000 - 0x00007ffd551b3000 	C:\WINDOWS\System32\KERNELBASE.dll
0x00007ffd551c0000 - 0x00007ffd552d1000 	C:\WINDOWS\System32\ucrtbase.dll
0x00007ffd3cef0000 - 0x00007ffd3cf09000 	C:\Program Files\Java\jdk-20\bin\jli.dll
0x00007ffd3efa0000 - 0x00007ffd3efbb000 	C:\Program Files\Java\jdk-20\bin\VCRUNTIME140.dll
0x00007ffd57630000 - 0x00007ffd576de000 	C:\WINDOWS\System32\ADVAPI32.dll
0x00007ffd55690000 - 0x00007ffd55737000 	C:\WINDOWS\System32\msvcrt.dll
0x00007ffd577b0000 - 0x00007ffd57854000 	C:\WINDOWS\System32\sechost.dll
0x00007ffd56d90000 - 0x00007ffd56ea7000 	C:\WINDOWS\System32\RPCRT4.dll
0x00007ffd564a0000 - 0x00007ffd5664a000 	C:\WINDOWS\System32\USER32.dll
0x00007ffd54de0000 - 0x00007ffd54e06000 	C:\WINDOWS\System32\win32u.dll
0x00007ffd57600000 - 0x00007ffd57629000 	C:\WINDOWS\System32\GDI32.dll
0x00007ffd3abb0000 - 0x00007ffd3ae3e000 	C:\WINDOWS\WinSxS\amd64_microsoft.windows.common-controls_6595b64144ccf1df_6.0.22621.1635_none_270f70857386168e\COMCTL32.dll
0x00007ffd55360000 - 0x00007ffd55479000 	C:\WINDOWS\System32\gdi32full.dll
0x00007ffd555f0000 - 0x00007ffd5568a000 	C:\WINDOWS\System32\msvcp_win.dll
0x00007ffd4b970000 - 0x00007ffd4b97a000 	C:\WINDOWS\SYSTEM32\VERSION.dll
0x00007ffd576e0000 - 0x00007ffd57711000 	C:\WINDOWS\System32\IMM32.DLL
0x00007ffd45910000 - 0x00007ffd4591c000 	C:\Program Files\Java\jdk-20\bin\vcruntime140_1.dll
0x00007ffd070d0000 - 0x00007ffd0715e000 	C:\Program Files\Java\jdk-20\bin\msvcp140.dll
0x00007ffceca90000 - 0x00007ffced727000 	C:\Program Files\Java\jdk-20\bin\server\jvm.dll
0x00007ffd459a0000 - 0x00007ffd459a9000 	C:\WINDOWS\SYSTEM32\WSOCK32.dll
0x00007ffd49d10000 - 0x00007ffd49d44000 	C:\WINDOWS\SYSTEM32\WINMM.dll
0x00007ffd56a70000 - 0x00007ffd56ae1000 	C:\WINDOWS\System32\WS2_32.dll
0x00007ffd53cb0000 - 0x00007ffd53cc8000 	C:\WINDOWS\SYSTEM32\kernel.appcore.dll
0x00007ffd457c0000 - 0x00007ffd457ca000 	C:\Program Files\Java\jdk-20\bin\jimage.dll
0x00007ffd51e20000 - 0x00007ffd5204e000 	C:\WINDOWS\SYSTEM32\DBGHELP.DLL
0x00007ffd55740000 - 0x00007ffd55ac9000 	C:\WINDOWS\System32\combase.dll
0x00007ffd56b10000 - 0x00007ffd56be7000 	C:\WINDOWS\System32\OLEAUT32.dll
0x00007ffd34ca0000 - 0x00007ffd34cd2000 	C:\WINDOWS\SYSTEM32\dbgcore.DLL
0x00007ffd552e0000 - 0x00007ffd5535a000 	C:\WINDOWS\System32\bcryptPrimitives.dll
0x00007ffd3ef30000 - 0x00007ffd3ef56000 	C:\Program Files\Java\jdk-20\bin\java.dll

dbghelp: loaded successfully - version: 4.0.5 - missing functions: none
symbol engine: initialized successfully - sym options: 0x614 - pdb path: .;C:\Program Files\Java\jdk-20\bin;C:\WINDOWS\SYSTEM32;C:\WINDOWS\WinSxS\amd64_microsoft.windows.common-controls_6595b64144ccf1df_6.0.22621.1635_none_270f70857386168e;C:\Program Files\Java\jdk-20\bin\server

VM Arguments:
jvm_args: -Dfile.encoding=UTF-8 --module-path=C:\Users\Mantosh Kumar\Documents\NetBeansProjects\Employee.Management.System\build\classes 
java_command: employee.management.system.Addemployee
java_class_path (initial): C:\Users\Mantosh Kumar\Downloads\mysql-connector-java-8.0.28.jar;C:\Users\Mantosh Kumar\Downloads\jcalendar-tz-1.3.3-4.jar;C:\Users\Mantosh Kumar\Documents\NetBeansProjects\Employee.Management.System\build\classes
Launcher Type: SUN_STANDARD

[Global flags]
     intx CICompilerCount                          = 3                                         {product} {ergonomic}
     uint ConcGCThreads                            = 1                                         {product} {ergonomic}
     uint G1ConcRefinementThreads                  = 4                                         {product} {ergonomic}
   size_t G1HeapRegionSize                         = 1048576                                   {product} {ergonomic}
    uintx GCDrainStackTargetSize                   = 64                                        {product} {ergonomic}
   size_t InitialHeapSize                          = 130023424                                 {product} {ergonomic}
   size_t MarkStackSize                            = 4194304                                   {product} {ergonomic}
   size_t MaxHeapSize                              = 2067791872                                {product} {ergonomic}
   size_t MinHeapDeltaBytes                        = 1048576                                   {product} {ergonomic}
   size_t MinHeapSize                              = 8388608                                   {product} {ergonomic}
    uintx NonNMethodCodeHeapSize                   = 5832780                                {pd product} {ergonomic}
    uintx NonProfiledCodeHeapSize                  = 122912730                              {pd product} {ergonomic}
    uintx ProfiledCodeHeapSize                     = 122912730                              {pd product} {ergonomic}
    uintx ReservedCodeCacheSize                    = 251658240                              {pd product} {ergonomic}
     bool SegmentedCodeCache                       = true                                      {product} {ergonomic}
   size_t SoftMaxHeapSize                          = 2067791872                             {manageable} {ergonomic}
     bool UseCompressedClassPointers               = true                           {product lp64_product} {ergonomic}
     bool UseCompressedOops                        = true                           {product lp64_product} {ergonomic}
     bool UseG1GC                                  = true                                      {product} {ergonomic}
     bool UseLargePagesIndividualAllocation        = false                                  {pd product} {ergonomic}

Logging:
Log output configuration:
 #0: stdout all=warning uptime,level,tags foldmultilines=false
 #1: stderr all=off uptime,level,tags foldmultilines=false

Environment Variables:
PATH=C:\Python311\Scripts\;C:\Python311\;C:\Program Files\Common Files\Oracle\Java\javapath;C:\WINDOWS\system32;C:\WINDOWS;C:\WINDOWS\System32\Wbem;C:\WINDOWS\System32\WindowsPowerShell\v1.0\;C:\WINDOWS\System32\OpenSSH\;C:\MinGW\bin;C:\Program Files\Java\jdk-20\bin;C:\ProgramData\chocolatey\bin;C:\Program Files\nodejs\;C:\Program Files\MySQL\MySQL Shell 8.0\bin\;C:\Users\Mantosh Kumar\AppData\Local\Microsoft\WindowsApps;;C:\Users\Mantosh Kumar\AppData\Local\Programs\Microsoft VS Code\bin;C:\Users\Mantosh Kumar\AppData\Roaming\npm
USERNAME=Mantosh Kumar
OS=Windows_NT
PROCESSOR_IDENTIFIER=Intel64 Family 6 Model 140 Stepping 1, GenuineIntel
TMP=C:\Users\MANTOS~1\AppData\Local\Temp
TEMP=C:\Users\MANTOS~1\AppData\Local\Temp




---------------  S Y S T E M  ---------------

OS:
 Windows 11 , 64 bit Build 22621 (10.0.22621.1928)
OS uptime: 1 days 2:15 hours
Hyper-V role detected

CPU: total 4 (initial active 4) (2 cores per cpu, 2 threads per core) family 6 model 140 stepping 1 microcode 0x86, cx8, cmov, fxsr, ht, mmx, 3dnowpref, sse, sse2, sse3, ssse3, sse4.1, sse4.2, popcnt, lzcnt, tsc, tscinvbit, avx, avx2, aes, erms, clmul, bmi1, bmi2, adx, avx512f, avx512dq, avx512cd, avx512bw, avx512vl, sha, fma, vzeroupper, avx512_vpopcntdq, avx512_vpclmulqdq, avx512_vaes, avx512_vnni, clflush, clflushopt, clwb, avx512_vbmi2, avx512_vbmi, hv, rdtscp, rdpid, fsrm, gfni, avx512_bitalg, f16c, cet_ibt, cet_ss, avx512_ifma

Memory: 4k page, system-wide physical 7886M (437M free)
TotalPageFile size 21220M (AvailPageFile size 123M)
current process WorkingSet (physical memory assigned to process): 11M, peak: 11M
current process commit charge ("private bytes"): 52M, peak: 176M

vm_info: Java HotSpot(TM) 64-Bit Server VM (20.0.1+9-29) for windows-amd64 JRE (20.0.1+9-29), built on 2023-03-07T13:56:11Z by "mach5one" with MS VC++ 17.1 (VS2022)

END.
